<?xml version="1.0" encoding="UTF-8"?>
<testsuite name="AppTest" tests="1" skipped="0" failures="0" errors="0" timestamp="2017-05-15T07:38:40" hostname="localhost" time="0.002">
  <properties/>
  <testcase name="testPrint" classname="AppTest" time="0.002"/>
  <system-out><![CDATA[testPrint
]]></system-out>
  <system-err><![CDATA[]]></system-err>
</testsuite>
